# JRE version: OpenJDK Runtime Environment (17.0.6) (build 17.0.6+0-b2043.56-10027231)
# Java VM: OpenJDK 64-Bit Server VM (17.0.6+0-b2043.56-10027231, mixed mode, tiered, compressed oops, compressed class ptrs, g1 gc, windows-amd64)
GC Precious Log:
 CPUs: 12 total, 12 available
 Memory: 16257M
 Large Page Support: Disabled
 NUMA Support: Disabled
 Compressed Oops: Enabled (32-bit)
 Heap Region Size: 1M
 Heap Min Capacity: 8M
 Heap Initial Capacity: 256M
 Heap Max Capacity: 2G
 Pre-touch: Disabled
 Parallel Workers: 10
 Concurrent Workers: 3
 Concurrent Refinement Workers: 10
 Periodic GC: Disabled
Heap:
 garbage-first heap   total 365568K, used 184238K [0x0000000080000000, 0x0000000100000000)
  region size 1024K, 17 young (17408K), 17 survivors (17408K)
 Metaspace       used 148005K, committed 149440K, reserved 1179648K
  class space    used 20795K, committed 21440K, reserved 1048576K
GC Heap History (20 events):
Event: 1630.611 GC heap after
{Heap after GC invocations=44 (full 0):
 garbage-first heap   total 299008K, used 183936K [0x0000000080000000, 0x0000000100000000)
  region size 1024K, 2 young (2048K), 2 survivors (2048K)
 Metaspace       used 147073K, committed 148096K, reserved 1179648K
  class space    used 20825K, committed 21312K, reserved 1048576K
}
Event: 1651.155 GC heap before
{Heap before GC invocations=44 (full 0):
 garbage-first heap   total 299008K, used 263808K [0x0000000080000000, 0x0000000100000000)
  region size 1024K, 68 young (69632K), 2 survivors (2048K)
 Metaspace       used 147455K, committed 148480K, reserved 1179648K
  class space    used 20849K, committed 21312K, reserved 1048576K
}
Event: 1651.169 GC heap after
{Heap after GC invocations=45 (full 0):
 garbage-first heap   total 299008K, used 189813K [0x0000000080000000, 0x0000000100000000)
  region size 1024K, 8 young (8192K), 8 survivors (8192K)
 Metaspace       used 147455K, committed 148480K, reserved 1179648K
  class space    used 20849K, committed 21312K, reserved 1048576K
}
Event: 1655.331 GC heap before
{Heap before GC invocations=45 (full 0):
 garbage-first heap   total 299008K, used 263541K [0x0000000080000000, 0x0000000100000000)
  region size 1024K, 68 young (69632K), 8 survivors (8192K)
 Metaspace       used 147725K, committed 148864K, reserved 1179648K
  class space    used 20865K, committed 21376K, reserved 1048576K
}
Event: 1655.343 GC heap after
{Heap after GC invocations=46 (full 0):
 garbage-first heap   total 299008K, used 193539K [0x0000000080000000, 0x0000000100000000)
  region size 1024K, 5 young (5120K), 5 survivors (5120K)
 Metaspace       used 147725K, committed 148864K, reserved 1179648K
  class space    used 20865K, committed 21376K, reserved 1048576K
}
Event: 2643.971 GC heap before
{Heap before GC invocations=46 (full 0):
 garbage-first heap   total 299008K, used 250883K [0x0000000080000000, 0x0000000100000000)
  region size 1024K, 62 young (63488K), 5 survivors (5120K)
 Metaspace       used 147869K, committed 148992K, reserved 1179648K
  class space    used 20874K, committed 21376K, reserved 1048576K
}
Event: 2643.978 GC heap after
{Heap after GC invocations=47 (full 0):
 garbage-first heap   total 299008K, used 195982K [0x0000000080000000, 0x0000000100000000)
  region size 1024K, 7 young (7168K), 7 survivors (7168K)
 Metaspace       used 147869K, committed 148992K, reserved 1179648K
  class space    used 20874K, committed 21376K, reserved 1048576K
}
Event: 2644.564 GC heap before
{Heap before GC invocations=47 (full 0):
 garbage-first heap   total 299008K, used 255374K [0x0000000080000000, 0x0000000100000000)
  region size 1024K, 64 young (65536K), 7 survivors (7168K)
 Metaspace       used 148134K, committed 149312K, reserved 1179648K
  class space    used 20900K, committed 21440K, reserved 1048576K
}
Event: 2644.582 GC heap after
{Heap after GC invocations=48 (full 0):
 garbage-first heap   total 299008K, used 218398K [0x0000000080000000, 0x0000000100000000)
  region size 1024K, 8 young (8192K), 8 survivors (8192K)
 Metaspace       used 148134K, committed 149312K, reserved 1179648K
  class space    used 20900K, committed 21440K, reserved 1048576K
}
Event: 2644.908 GC heap before
{Heap before GC invocations=48 (full 0):
 garbage-first heap   total 299008K, used 260382K [0x0000000080000000, 0x0000000100000000)
  region size 1024K, 33 young (33792K), 8 survivors (8192K)
 Metaspace       used 148226K, committed 149376K, reserved 1179648K
  class space    used 20914K, committed 21440K, reserved 1048576K
}
Event: 2644.918 GC heap after
{Heap after GC invocations=49 (full 0):
 garbage-first heap   total 299008K, used 223809K [0x0000000080000000, 0x0000000100000000)
  region size 1024K, 5 young (5120K), 5 survivors (5120K)
 Metaspace       used 148226K, committed 149376K, reserved 1179648K
  class space    used 20914K, committed 21440K, reserved 1048576K
}
Event: 2645.584 GC heap before
{Heap before GC invocations=50 (full 0):
 garbage-first heap   total 365568K, used 225857K [0x0000000080000000, 0x0000000100000000)
  region size 1024K, 24 young (24576K), 5 survivors (5120K)
 Metaspace       used 147792K, committed 149376K, reserved 1179648K
  class space    used 20789K, committed 21440K, reserved 1048576K
}
Event: 2645.593 GC heap after
{Heap after GC invocations=51 (full 0):
 garbage-first heap   total 365568K, used 208858K [0x0000000080000000, 0x0000000100000000)
  region size 1024K, 2 young (2048K), 2 survivors (2048K)
 Metaspace       used 147792K, committed 149376K, reserved 1179648K
  class space    used 20789K, committed 21440K, reserved 1048576K
}
Event: 2648.471 GC heap before
{Heap before GC invocations=51 (full 0):
 garbage-first heap   total 365568K, used 223194K [0x0000000080000000, 0x0000000100000000)
  region size 1024K, 17 young (17408K), 2 survivors (2048K)
 Metaspace       used 147803K, committed 149376K, reserved 1179648K
  class space    used 20792K, committed 21440K, reserved 1048576K
}
Event: 2648.480 GC heap after
{Heap after GC invocations=52 (full 0):
 garbage-first heap   total 365568K, used 176886K [0x0000000080000000, 0x0000000100000000)
  region size 1024K, 3 young (3072K), 3 survivors (3072K)
 Metaspace       used 147803K, committed 149376K, reserved 1179648K
  class space    used 20792K, committed 21440K, reserved 1048576K
}
Event: 2648.575 GC heap before
{Heap before GC invocations=52 (full 0):
 garbage-first heap   total 365568K, used 191222K [0x0000000080000000, 0x0000000100000000)
  region size 1024K, 17 young (17408K), 3 survivors (3072K)
 Metaspace       used 147803K, committed 149376K, reserved 1179648K
  class space    used 20792K, committed 21440K, reserved 1048576K
}
Event: 2648.605 GC heap after
{Heap after GC invocations=53 (full 0):
 garbage-first heap   total 365568K, used 155723K [0x0000000080000000, 0x0000000100000000)
  region size 1024K, 3 young (3072K), 3 survivors (3072K)
 Metaspace       used 147803K, committed 149376K, reserved 1179648K
  class space    used 20792K, committed 21440K, reserved 1048576K
}
Event: 2648.761 GC heap before
{Heap before GC invocations=53 (full 0):
 garbage-first heap   total 365568K, used 169035K [0x0000000080000000, 0x0000000100000000)
  region size 1024K, 17 young (17408K), 3 survivors (3072K)
 Metaspace       used 147803K, committed 149376K, reserved 1179648K
  class space    used 20792K, committed 21440K, reserved 1048576K
}
Event: 2648.769 GC heap after
{Heap after GC invocations=54 (full 0):
 garbage-first heap   total 365568K, used 154950K [0x0000000080000000, 0x0000000100000000)
  region size 1024K, 1 young (1024K), 1 survivors (1024K)
 Metaspace       used 147803K, committed 149376K, reserved 1179648K
  class space    used 20792K, committed 21440K, reserved 1048576K
}
Event: 2725.644 GC heap before
{Heap before GC invocations=54 (full 0):
 garbage-first heap   total 365568K, used 303430K [0x0000000080000000, 0x0000000100000000)
  region size 1024K, 132 young (135168K), 1 survivors (1024K)
 Metaspace       used 148005K, committed 149440K, reserved 1179648K
  class space    used 20795K, committed 21440K, reserved 1048576K
}

